# Logfile created on Mon Nov 23 20:53:46 +0100 2009  [4;36;1mProposal Load (0.0ms)[0m   [0;1mSQLite3::SQLException: no such table: proposals: SELECT * FROM "proposals" [0m
  [4;36;1mProposal Load (0.0ms)[0m   [0;1mSQLite3::SQLException: no such table: proposals: SELECT * FROM "proposals" [0m
  [4;36;1mProposal Load (0.4ms)[0m   [0;1mSELECT * FROM "proposals" [0m
  [4;35;1mProposal Create (0.5ms)[0m   [0mINSERT INTO "proposals" ("name", "created_at", "updated_at", "description", "limit_date") VALUES('pagar el rescate a los piratas', '2009-11-23 20:04:23', '2009-11-23 20:04:23', NULL, NULL)[0m
  [4;36;1mProposal Load (0.4ms)[0m   [0;1mSELECT * FROM "proposals" [0m
  [4;35;1mCitizen Load (0.1ms)[0m   [0mSELECT * FROM "citizens" [0m
  [4;36;1mProposal Create (0.4ms)[0m   [0;1mINSERT INTO "proposals" ("name", "created_at", "updated_at", "description", "limit_date") VALUES('pagar el rescate a los piratas', '2009-11-23 20:07:04', '2009-11-23 20:07:04', NULL, NULL)[0m
  [4;35;1mCitizen Create (0.1ms)[0m   [0mINSERT INTO "citizens" ("name", "created_at", "updated_at") VALUES('Ana', '2009-11-23 20:07:04', '2009-11-23 20:07:04')[0m
  [4;36;1mProposal Load (0.4ms)[0m   [0;1mSELECT * FROM "proposals" [0m
  [4;35;1mCitizen Load (0.1ms)[0m   [0mSELECT * FROM "citizens" [0m
  [4;36;1mProposal Create (0.5ms)[0m   [0;1mINSERT INTO "proposals" ("name", "created_at", "updated_at", "description", "limit_date") VALUES('pagar el rescate a los piratas', '2009-11-23 20:07:56', '2009-11-23 20:07:56', NULL, NULL)[0m
  [4;35;1mCitizen Create (0.1ms)[0m   [0mINSERT INTO "citizens" ("name", "created_at", "updated_at") VALUES('Ana', '2009-11-23 20:07:56', '2009-11-23 20:07:56')[0m
  [4;36;1mProposal Load (0.4ms)[0m   [0;1mSELECT * FROM "proposals" [0m
  [4;35;1mCitizen Load (0.1ms)[0m   [0mSELECT * FROM "citizens" [0m
  [4;36;1mProposal Create (0.4ms)[0m   [0;1mINSERT INTO "proposals" ("name", "created_at", "updated_at", "description", "limit_date") VALUES('pagar el rescate a los piratas', '2009-11-23 20:11:43', '2009-11-23 20:11:43', NULL, NULL)[0m
  [4;35;1mCitizen Create (0.1ms)[0m   [0mINSERT INTO "citizens" ("name", "created_at", "updated_at") VALUES('Ana', '2009-11-23 20:11:43', '2009-11-23 20:11:43')[0m
  [4;36;1mProposal Load (0.4ms)[0m   [0;1mSELECT * FROM "proposals" [0m
  [4;35;1mCitizen Load (0.1ms)[0m   [0mSELECT * FROM "citizens" [0m
  [4;36;1mProposal Create (0.5ms)[0m   [0;1mINSERT INTO "proposals" ("name", "created_at", "updated_at", "description", "limit_date") VALUES('pagar el rescate a los piratas', '2009-11-23 20:13:50', '2009-11-23 20:13:50', NULL, NULL)[0m
  [4;35;1mCitizen Create (0.1ms)[0m   [0mINSERT INTO "citizens" ("name", "created_at", "updated_at") VALUES('Ana', '2009-11-23 20:13:50', '2009-11-23 20:13:50')[0m
REQUESTING PAGE: GET /proposals/1 with {} and HTTP headers {}


Processing ProposalsController#show (for 127.0.0.1 at 2009-11-23 21:13:50) [GET]
  Parameters: {"id"=>"1"}


Processing ApplicationController#show (for 127.0.0.1 at 2009-11-23 21:13:50) [GET]
  Parameters: {"id"=>"1"}
  [4;36;1mProposal Load (0.4ms)[0m   [0;1mSELECT * FROM "proposals" [0m
  [4;35;1mCitizen Load (0.1ms)[0m   [0mSELECT * FROM "citizens" [0m
  [4;36;1mProposal Create (0.5ms)[0m   [0;1mINSERT INTO "proposals" ("name", "created_at", "updated_at", "description", "limit_date") VALUES('pagar el rescate a los piratas', '2009-11-23 20:18:57', '2009-11-23 20:18:57', NULL, NULL)[0m
  [4;35;1mCitizen Create (0.1ms)[0m   [0mINSERT INTO "citizens" ("name", "created_at", "updated_at") VALUES('Ana', '2009-11-23 20:18:57', '2009-11-23 20:18:57')[0m
REQUESTING PAGE: GET /proposals/1 with {} and HTTP headers {}


Processing ProposalsController#show (for 127.0.0.1 at 2009-11-23 21:18:57) [GET]
  Parameters: {"id"=>"1"}
  [4;36;1mProposal Load (0.3ms)[0m   [0;1mSELECT * FROM "proposals" WHERE ("proposals"."id" = 1) [0m


Processing ApplicationController#show (for 127.0.0.1 at 2009-11-23 21:18:57) [GET]
  Parameters: {"id"=>"1"}
  [4;36;1mProposal Load (0.4ms)[0m   [0;1mSELECT * FROM "proposals" [0m
  [4;35;1mCitizen Load (0.1ms)[0m   [0mSELECT * FROM "citizens" [0m
  [4;36;1mProposal Create (0.5ms)[0m   [0;1mINSERT INTO "proposals" ("name", "created_at", "updated_at", "description", "limit_date") VALUES('pagar el rescate a los piratas', '2009-11-23 20:21:12', '2009-11-23 20:21:12', NULL, NULL)[0m
  [4;35;1mCitizen Create (0.1ms)[0m   [0mINSERT INTO "citizens" ("name", "created_at", "updated_at") VALUES('Ana', '2009-11-23 20:21:12', '2009-11-23 20:21:12')[0m
REQUESTING PAGE: GET /proposals/1 with {} and HTTP headers {}


Processing ProposalsController#show (for 127.0.0.1 at 2009-11-23 21:21:12) [GET]
  Parameters: {"id"=>"1"}
  [4;36;1mProposal Load (0.3ms)[0m   [0;1mSELECT * FROM "proposals" WHERE ("proposals"."id" = 1) [0m
Rendering proposals/show
Completed in 22ms (View: 19, DB: 1) | 200 OK [http://www.example.com/proposals/1]
  [4;36;1mProposal Load (0.4ms)[0m   [0;1mSELECT * FROM "proposals" [0m
  [4;35;1mCitizen Load (0.1ms)[0m   [0mSELECT * FROM "citizens" [0m
  [4;36;1mProposal Create (0.5ms)[0m   [0;1mINSERT INTO "proposals" ("name", "created_at", "updated_at", "description", "limit_date") VALUES('pagar el rescate a los piratas', '2009-11-23 20:30:57', '2009-11-23 20:30:57', NULL, NULL)[0m
  [4;35;1mCitizen Create (0.1ms)[0m   [0mINSERT INTO "citizens" ("name", "created_at", "updated_at") VALUES('Ana', '2009-11-23 20:30:57', '2009-11-23 20:30:57')[0m
REQUESTING PAGE: GET /proposals/1 with {} and HTTP headers {}


Processing ProposalsController#show (for 127.0.0.1 at 2009-11-23 21:30:57) [GET]
  Parameters: {"id"=>"1"}
  [4;36;1mProposal Load (0.3ms)[0m   [0;1mSELECT * FROM "proposals" WHERE ("proposals"."id" = 1) [0m
Rendering proposals/show


Processing ApplicationController#show (for 127.0.0.1 at 2009-11-23 21:30:57) [GET]
  Parameters: {"id"=>"1"}
  [4;36;1mProposal Load (0.4ms)[0m   [0;1mSELECT * FROM "proposals" [0m
  [4;35;1mCitizen Load (0.1ms)[0m   [0mSELECT * FROM "citizens" [0m
  [4;36;1mProposal Create (0.4ms)[0m   [0;1mINSERT INTO "proposals" ("name", "created_at", "updated_at", "description", "limit_date") VALUES('pagar el rescate a los piratas', '2009-11-23 20:33:27', '2009-11-23 20:33:27', NULL, NULL)[0m
  [4;35;1mCitizen Create (0.1ms)[0m   [0mINSERT INTO "citizens" ("name", "created_at", "updated_at") VALUES('Ana', '2009-11-23 20:33:27', '2009-11-23 20:33:27')[0m
REQUESTING PAGE: GET /proposals/1 with {} and HTTP headers {}


Processing ProposalsController#show (for 127.0.0.1 at 2009-11-23 21:33:27) [GET]
  Parameters: {"id"=>"1"}


Processing ApplicationController#show (for 127.0.0.1 at 2009-11-23 21:33:27) [GET]
  Parameters: {"id"=>"1"}
  [4;36;1mProposal Load (0.5ms)[0m   [0;1mSELECT * FROM "proposals" [0m
  [4;35;1mCitizen Load (0.1ms)[0m   [0mSELECT * FROM "citizens" [0m
  [4;36;1mProposal Create (0.5ms)[0m   [0;1mINSERT INTO "proposals" ("name", "created_at", "updated_at", "description", "limit_date") VALUES('pagar el rescate a los piratas', '2009-11-23 20:35:05', '2009-11-23 20:35:05', NULL, NULL)[0m
  [4;35;1mCitizen Create (0.1ms)[0m   [0mINSERT INTO "citizens" ("name", "created_at", "updated_at") VALUES('Ana', '2009-11-23 20:35:05', '2009-11-23 20:35:05')[0m
REQUESTING PAGE: GET /proposals/1 with {} and HTTP headers {}


Processing ProposalsController#show (for 127.0.0.1 at 2009-11-23 21:35:05) [GET]
  Parameters: {"id"=>"1"}
  [4;36;1mProposal Load (0.2ms)[0m   [0;1mSELECT * FROM "proposals" WHERE ("proposals"."id" = 1) [0m
Rendering proposals/show


Processing ApplicationController#show (for 127.0.0.1 at 2009-11-23 21:35:05) [GET]
  Parameters: {"id"=>"1"}
  [4;36;1mProposal Load (0.5ms)[0m   [0;1mSELECT * FROM "proposals" [0m
  [4;35;1mCitizen Load (0.1ms)[0m   [0mSELECT * FROM "citizens" [0m
  [4;36;1mProposal Create (0.6ms)[0m   [0;1mINSERT INTO "proposals" ("name", "created_at", "updated_at", "description", "limit_date") VALUES('pagar el rescate a los piratas', '2009-11-23 20:35:32', '2009-11-23 20:35:32', NULL, NULL)[0m
  [4;35;1mCitizen Create (0.1ms)[0m   [0mINSERT INTO "citizens" ("name", "created_at", "updated_at") VALUES('Ana', '2009-11-23 20:35:32', '2009-11-23 20:35:32')[0m
REQUESTING PAGE: GET /proposals/1 with {} and HTTP headers {}


Processing ProposalsController#show (for 127.0.0.1 at 2009-11-23 21:35:32) [GET]
  Parameters: {"id"=>"1"}
  [4;36;1mProposal Load (0.2ms)[0m   [0;1mSELECT * FROM "proposals" WHERE ("proposals"."id" = 1) [0m
Rendering proposals/show
Completed in 8ms (View: 4, DB: 1) | 200 OK [http://www.example.com/proposals/1]
REQUESTING PAGE: POST /votes with {"commit"=>"SI"} and HTTP headers {"HTTP_REFERER"=>"/proposals/1"}


Processing ApplicationController#create (for 127.0.0.1 at 2009-11-23 21:35:32) [POST]
  Parameters: {"commit"=>"SI"}
  [4;36;1mProposal Load (0.4ms)[0m   [0;1mSELECT * FROM "proposals" [0m
  [4;35;1mCitizen Load (0.1ms)[0m   [0mSELECT * FROM "citizens" [0m
  [4;36;1mProposal Create (0.5ms)[0m   [0;1mINSERT INTO "proposals" ("name", "created_at", "updated_at", "description", "limit_date") VALUES('pagar el rescate a los piratas', '2009-11-23 20:37:23', '2009-11-23 20:37:23', NULL, NULL)[0m
  [4;35;1mCitizen Create (0.1ms)[0m   [0mINSERT INTO "citizens" ("name", "created_at", "updated_at") VALUES('Ana', '2009-11-23 20:37:23', '2009-11-23 20:37:23')[0m
REQUESTING PAGE: GET /proposals/1 with {} and HTTP headers {}


Processing ProposalsController#show (for 127.0.0.1 at 2009-11-23 21:37:23) [GET]
  Parameters: {"id"=>"1"}
  [4;36;1mProposal Load (0.2ms)[0m   [0;1mSELECT * FROM "proposals" WHERE ("proposals"."id" = 1) [0m
Rendering proposals/show
Completed in 7ms (View: 3, DB: 1) | 200 OK [http://www.example.com/proposals/1]
REQUESTING PAGE: POST /votes with {"commit"=>"SI"} and HTTP headers {"HTTP_REFERER"=>"/proposals/1"}


Processing VotesController#create (for 127.0.0.1 at 2009-11-23 21:37:23) [POST]
  Parameters: {"commit"=>"SI"}
  [4;35;1mVote Create (0.2ms)[0m   [0mINSERT INTO "votes" ("created_at", "updated_at", "value", "proposal_id", "citizen_id") VALUES('2009-11-23 20:37:23', '2009-11-23 20:37:23', NULL, NULL, NULL)[0m
Redirected to http://www.example.com/votes/1
Completed in 13ms (DB: 0) | 302 Found [http://www.example.com/votes]
REQUESTING PAGE: GET http://www.example.com/votes/1 with {} and HTTP headers {"HTTP_REFERER"=>"/votes"}


Processing VotesController#show (for 127.0.0.1 at 2009-11-23 21:37:23) [GET]
  Parameters: {"id"=>"1"}
  [4;36;1mVote Load (0.3ms)[0m   [0;1mSELECT * FROM "votes" WHERE ("votes"."id" = 1) [0m


Processing ApplicationController#show (for 127.0.0.1 at 2009-11-23 21:37:23) [GET]
  Parameters: {"id"=>"1"}
  [4;36;1mProposal Load (0.5ms)[0m   [0;1mSELECT * FROM "proposals" [0m
  [4;35;1mCitizen Load (0.1ms)[0m   [0mSELECT * FROM "citizens" [0m
  [4;36;1mProposal Create (0.5ms)[0m   [0;1mINSERT INTO "proposals" ("name", "created_at", "updated_at", "description", "limit_date") VALUES('pagar el rescate a los piratas', '2009-11-23 20:39:42', '2009-11-23 20:39:42', NULL, NULL)[0m
  [4;35;1mCitizen Create (0.1ms)[0m   [0mINSERT INTO "citizens" ("name", "created_at", "updated_at") VALUES('Ana', '2009-11-23 20:39:42', '2009-11-23 20:39:42')[0m
REQUESTING PAGE: GET /proposals/1 with {} and HTTP headers {}


Processing ProposalsController#show (for 127.0.0.1 at 2009-11-23 21:39:42) [GET]
  Parameters: {"id"=>"1"}
  [4;36;1mProposal Load (0.3ms)[0m   [0;1mSELECT * FROM "proposals" WHERE ("proposals"."id" = 1) [0m
Rendering proposals/show
Completed in 7ms (View: 3, DB: 1) | 200 OK [http://www.example.com/proposals/1]
REQUESTING PAGE: POST /votes with {"commit"=>"SI"} and HTTP headers {"HTTP_REFERER"=>"/proposals/1"}


Processing VotesController#create (for 127.0.0.1 at 2009-11-23 21:39:42) [POST]
  Parameters: {"commit"=>"SI"}
  [4;35;1mVote Create (0.3ms)[0m   [0mINSERT INTO "votes" ("created_at", "updated_at", "value", "proposal_id", "citizen_id") VALUES('2009-11-23 20:39:42', '2009-11-23 20:39:42', NULL, NULL, NULL)[0m


Processing ApplicationController#create (for 127.0.0.1 at 2009-11-23 21:39:42) [POST]
  Parameters: {"commit"=>"SI"}
  [4;36;1mProposal Load (0.4ms)[0m   [0;1mSELECT * FROM "proposals" [0m
  [4;35;1mCitizen Load (0.1ms)[0m   [0mSELECT * FROM "citizens" [0m
  [4;36;1mProposal Create (0.5ms)[0m   [0;1mINSERT INTO "proposals" ("name", "created_at", "updated_at", "description", "limit_date") VALUES('pagar el rescate a los piratas', '2009-11-23 20:39:53', '2009-11-23 20:39:53', NULL, NULL)[0m
  [4;35;1mCitizen Create (0.1ms)[0m   [0mINSERT INTO "citizens" ("name", "created_at", "updated_at") VALUES('Ana', '2009-11-23 20:39:53', '2009-11-23 20:39:53')[0m
REQUESTING PAGE: GET /proposals/1 with {} and HTTP headers {}


Processing ProposalsController#show (for 127.0.0.1 at 2009-11-23 21:39:53) [GET]
  Parameters: {"id"=>"1"}
  [4;36;1mProposal Load (0.2ms)[0m   [0;1mSELECT * FROM "proposals" WHERE ("proposals"."id" = 1) [0m
Rendering proposals/show
Completed in 7ms (View: 3, DB: 1) | 200 OK [http://www.example.com/proposals/1]
REQUESTING PAGE: POST /votes with {"commit"=>"SI"} and HTTP headers {"HTTP_REFERER"=>"/proposals/1"}


Processing VotesController#create (for 127.0.0.1 at 2009-11-23 21:39:53) [POST]
  Parameters: {"commit"=>"SI"}
  [4;35;1mVote Create (0.2ms)[0m   [0mINSERT INTO "votes" ("created_at", "updated_at", "value", "proposal_id", "citizen_id") VALUES('2009-11-23 20:39:53', '2009-11-23 20:39:53', NULL, NULL, NULL)[0m


Processing ApplicationController#create (for 127.0.0.1 at 2009-11-23 21:39:53) [POST]
  Parameters: {"commit"=>"SI"}
  [4;36;1mProposal Load (0.5ms)[0m   [0;1mSELECT * FROM "proposals" [0m
  [4;35;1mCitizen Load (0.1ms)[0m   [0mSELECT * FROM "citizens" [0m
  [4;36;1mProposal Create (0.5ms)[0m   [0;1mINSERT INTO "proposals" ("name", "created_at", "updated_at", "description", "limit_date") VALUES('pagar el rescate a los piratas', '2009-11-23 20:40:26', '2009-11-23 20:40:26', NULL, NULL)[0m
  [4;35;1mCitizen Create (0.1ms)[0m   [0mINSERT INTO "citizens" ("name", "created_at", "updated_at") VALUES('Ana', '2009-11-23 20:40:26', '2009-11-23 20:40:26')[0m
REQUESTING PAGE: GET /proposals/1 with {} and HTTP headers {}


Processing ProposalsController#show (for 127.0.0.1 at 2009-11-23 21:40:26) [GET]
  Parameters: {"id"=>"1"}
  [4;36;1mProposal Load (0.3ms)[0m   [0;1mSELECT * FROM "proposals" WHERE ("proposals"."id" = 1) [0m
Rendering proposals/show
Completed in 9ms (View: 4, DB: 1) | 200 OK [http://www.example.com/proposals/1]
REQUESTING PAGE: POST /votes with {"commit"=>"SI"} and HTTP headers {"HTTP_REFERER"=>"/proposals/1"}


Processing VotesController#create (for 127.0.0.1 at 2009-11-23 21:40:26) [POST]
  Parameters: {"commit"=>"SI"}
  [4;35;1mVote Create (0.3ms)[0m   [0mINSERT INTO "votes" ("created_at", "updated_at", "value", "proposal_id", "citizen_id") VALUES('2009-11-23 20:40:26', '2009-11-23 20:40:26', NULL, NULL, NULL)[0m
Redirected to http://www.example.com/votes/1
Completed in 15ms (DB: 0) | 302 Found [http://www.example.com/votes]
REQUESTING PAGE: GET http://www.example.com/votes/1 with {} and HTTP headers {"HTTP_REFERER"=>"/votes"}


Processing VotesController#show (for 127.0.0.1 at 2009-11-23 21:40:26) [GET]
  Parameters: {"id"=>"1"}
  [4;36;1mVote Load (0.3ms)[0m   [0;1mSELECT * FROM "votes" WHERE ("votes"."id" = 1) [0m


Processing ApplicationController#show (for 127.0.0.1 at 2009-11-23 21:40:26) [GET]
  Parameters: {"id"=>"1"}
  [4;36;1mProposal Load (0.4ms)[0m   [0;1mSELECT * FROM "proposals" [0m
  [4;35;1mCitizen Load (0.1ms)[0m   [0mSELECT * FROM "citizens" [0m
  [4;36;1mProposal Create (0.6ms)[0m   [0;1mINSERT INTO "proposals" ("name", "created_at", "updated_at", "description", "limit_date") VALUES('pagar el rescate a los piratas', '2009-11-23 20:40:51', '2009-11-23 20:40:51', NULL, NULL)[0m
  [4;35;1mCitizen Create (0.1ms)[0m   [0mINSERT INTO "citizens" ("name", "created_at", "updated_at") VALUES('Ana', '2009-11-23 20:40:51', '2009-11-23 20:40:51')[0m
REQUESTING PAGE: GET /proposals/1 with {} and HTTP headers {}


Processing ProposalsController#show (for 127.0.0.1 at 2009-11-23 21:40:51) [GET]
  Parameters: {"id"=>"1"}
  [4;36;1mProposal Load (0.3ms)[0m   [0;1mSELECT * FROM "proposals" WHERE ("proposals"."id" = 1) [0m
Rendering proposals/show
Completed in 7ms (View: 3, DB: 1) | 200 OK [http://www.example.com/proposals/1]
REQUESTING PAGE: POST /votes with {"commit"=>"SI"} and HTTP headers {"HTTP_REFERER"=>"/proposals/1"}


Processing VotesController#create (for 127.0.0.1 at 2009-11-23 21:40:51) [POST]
  Parameters: {"commit"=>"SI"}
  [4;35;1mVote Create (0.2ms)[0m   [0mINSERT INTO "votes" ("created_at", "updated_at", "value", "proposal_id", "citizen_id") VALUES('2009-11-23 20:40:51', '2009-11-23 20:40:51', NULL, NULL, NULL)[0m


Processing ApplicationController#create (for 127.0.0.1 at 2009-11-23 21:40:51) [POST]
  Parameters: {"commit"=>"SI"}
  [4;36;1mProposal Load (0.4ms)[0m   [0;1mSELECT * FROM "proposals" [0m
  [4;35;1mCitizen Load (0.1ms)[0m   [0mSELECT * FROM "citizens" [0m
  [4;36;1mProposal Create (0.5ms)[0m   [0;1mINSERT INTO "proposals" ("name", "created_at", "updated_at", "description", "limit_date") VALUES('pagar el rescate a los piratas', '2009-11-23 20:42:23', '2009-11-23 20:42:23', NULL, NULL)[0m
  [4;35;1mCitizen Create (0.1ms)[0m   [0mINSERT INTO "citizens" ("name", "created_at", "updated_at") VALUES('Ana', '2009-11-23 20:42:23', '2009-11-23 20:42:23')[0m
REQUESTING PAGE: GET /proposals/1 with {} and HTTP headers {}


Processing ProposalsController#show (for 127.0.0.1 at 2009-11-23 21:42:23) [GET]
  Parameters: {"id"=>"1"}
  [4;36;1mProposal Load (0.2ms)[0m   [0;1mSELECT * FROM "proposals" WHERE ("proposals"."id" = 1) [0m
Rendering proposals/show


Processing ApplicationController#show (for 127.0.0.1 at 2009-11-23 21:42:23) [GET]
  Parameters: {"id"=>"1"}
  [4;36;1mProposal Load (0.5ms)[0m   [0;1mSELECT * FROM "proposals" [0m
  [4;35;1mCitizen Load (0.1ms)[0m   [0mSELECT * FROM "citizens" [0m
  [4;36;1mProposal Create (0.6ms)[0m   [0;1mINSERT INTO "proposals" ("name", "created_at", "updated_at", "description", "limit_date") VALUES('pagar el rescate a los piratas', '2009-11-23 20:42:58', '2009-11-23 20:42:58', NULL, NULL)[0m
  [4;35;1mCitizen Create (0.1ms)[0m   [0mINSERT INTO "citizens" ("name", "created_at", "updated_at") VALUES('Ana', '2009-11-23 20:42:58', '2009-11-23 20:42:58')[0m
REQUESTING PAGE: GET /proposals/1 with {} and HTTP headers {}


Processing ProposalsController#show (for 127.0.0.1 at 2009-11-23 21:42:58) [GET]
  Parameters: {"id"=>"1"}
  [4;36;1mProposal Load (0.2ms)[0m   [0;1mSELECT * FROM "proposals" WHERE ("proposals"."id" = 1) [0m
Rendering proposals/show
Completed in 8ms (View: 3, DB: 2) | 200 OK [http://www.example.com/proposals/1]
REQUESTING PAGE: POST /proposals/1/votes with {"commit"=>"SI"} and HTTP headers {"HTTP_REFERER"=>"/proposals/1"}


Processing VotesController#create (for 127.0.0.1 at 2009-11-23 21:42:58) [POST]
  Parameters: {"commit"=>"SI", "proposal_id"=>"1"}
  [4;35;1mVote Create (0.2ms)[0m   [0mINSERT INTO "votes" ("created_at", "updated_at", "value", "proposal_id", "citizen_id") VALUES('2009-11-23 20:42:58', '2009-11-23 20:42:58', NULL, NULL, NULL)[0m


Processing ApplicationController#create (for 127.0.0.1 at 2009-11-23 21:42:58) [POST]
  Parameters: {"commit"=>"SI", "proposal_id"=>"1"}
  [4;36;1mProposal Load (0.4ms)[0m   [0;1mSELECT * FROM "proposals" [0m
  [4;35;1mCitizen Load (0.1ms)[0m   [0mSELECT * FROM "citizens" [0m
  [4;36;1mProposal Create (0.4ms)[0m   [0;1mINSERT INTO "proposals" ("name", "created_at", "updated_at", "description", "limit_date") VALUES('pagar el rescate a los piratas', '2009-11-23 20:46:33', '2009-11-23 20:46:33', NULL, NULL)[0m
  [4;35;1mCitizen Create (0.1ms)[0m   [0mINSERT INTO "citizens" ("name", "created_at", "updated_at") VALUES('Ana', '2009-11-23 20:46:33', '2009-11-23 20:46:33')[0m
REQUESTING PAGE: GET /proposals/1 with {} and HTTP headers {}


Processing ProposalsController#show (for 127.0.0.1 at 2009-11-23 21:46:33) [GET]
  Parameters: {"id"=>"1"}
  [4;36;1mProposal Load (0.3ms)[0m   [0;1mSELECT * FROM "proposals" WHERE ("proposals"."id" = 1) [0m
Rendering proposals/show
Completed in 14ms (View: 8, DB: 1) | 200 OK [http://www.example.com/proposals/1]
REQUESTING PAGE: POST /proposals/1/votes with {"commit"=>"SI"} and HTTP headers {"HTTP_REFERER"=>"/proposals/1"}


Processing VotesController#create (for 127.0.0.1 at 2009-11-23 21:46:33) [POST]
  Parameters: {"commit"=>"SI", "proposal_id"=>"1"}
  [4;35;1mProposal Load (0.3ms)[0m   [0mSELECT * FROM "proposals" WHERE ("proposals"."id" = 1) [0m
  [4;36;1mVote Create (0.2ms)[0m   [0;1mINSERT INTO "votes" ("created_at", "updated_at", "value", "proposal_id", "citizen_id") VALUES('2009-11-23 20:46:33', '2009-11-23 20:46:33', NULL, 1, NULL)[0m
  [4;35;1mProposal Load (0.2ms)[0m   [0mSELECT * FROM "proposals" WHERE ("proposals"."id" = 1) [0m
Redirected to http://www.example.com/proposals/1
Completed in 15ms (DB: 0) | 302 Found [http://www.example.com/proposals/1/votes]
REQUESTING PAGE: GET http://www.example.com/proposals/1 with {} and HTTP headers {"HTTP_REFERER"=>"/proposals/1/votes"}


Processing ProposalsController#show (for 127.0.0.1 at 2009-11-23 21:46:33) [GET]
  Parameters: {"id"=>"1"}
  [4;36;1mProposal Load (0.3ms)[0m   [0;1mSELECT * FROM "proposals" WHERE ("proposals"."id" = 1) [0m
Rendering proposals/show
Completed in 3ms (View: 1, DB: 0) | 200 OK [http://www.example.com/proposals/1]
  [4;36;1mProposal Load (0.4ms)[0m   [0;1mSELECT * FROM "proposals" [0m
  [4;35;1mCitizen Load (0.1ms)[0m   [0mSELECT * FROM "citizens" [0m
  [4;36;1mProposal Create (0.4ms)[0m   [0;1mINSERT INTO "proposals" ("name", "created_at", "updated_at", "description", "limit_date") VALUES('pagar el rescate a los piratas', '2009-11-23 20:55:55', '2009-11-23 20:55:55', NULL, NULL)[0m
  [4;35;1mCitizen Create (0.1ms)[0m   [0mINSERT INTO "citizens" ("name", "created_at", "updated_at") VALUES('Ana', '2009-11-23 20:55:56', '2009-11-23 20:55:56')[0m
REQUESTING PAGE: GET /proposals/1 with {} and HTTP headers {}


Processing ProposalsController#show (for 127.0.0.1 at 2009-11-23 21:55:56) [GET]
  Parameters: {"id"=>"1"}
  [4;36;1mProposal Load (0.3ms)[0m   [0;1mSELECT * FROM "proposals" WHERE ("proposals"."id" = 1) [0m
Rendering proposals/show
Completed in 9ms (View: 4, DB: 1) | 200 OK [http://www.example.com/proposals/1]
REQUESTING PAGE: POST /proposals/1/votes with {"commit"=>"SI"} and HTTP headers {"HTTP_REFERER"=>"/proposals/1"}


Processing VotesController#create (for 127.0.0.1 at 2009-11-23 21:55:56) [POST]
  Parameters: {"commit"=>"SI", "proposal_id"=>"1"}
  [4;35;1mProposal Load (0.3ms)[0m   [0mSELECT * FROM "proposals" WHERE ("proposals"."id" = 1) [0m
  [4;36;1mVote Create (0.3ms)[0m   [0;1mINSERT INTO "votes" ("created_at", "updated_at", "value", "proposal_id", "citizen_id") VALUES('2009-11-23 20:55:56', '2009-11-23 20:55:56', NULL, 1, NULL)[0m
  [4;35;1mProposal Load (0.3ms)[0m   [0mSELECT * FROM "proposals" WHERE ("proposals"."id" = 1) [0m
Redirected to http://www.example.com/proposals/1
Completed in 21ms (DB: 0) | 302 Found [http://www.example.com/proposals/1/votes]
REQUESTING PAGE: GET http://www.example.com/proposals/1 with {} and HTTP headers {"HTTP_REFERER"=>"/proposals/1/votes"}


Processing ProposalsController#show (for 127.0.0.1 at 2009-11-23 21:55:56) [GET]
  Parameters: {"id"=>"1"}
  [4;36;1mProposal Load (0.3ms)[0m   [0;1mSELECT * FROM "proposals" WHERE ("proposals"."id" = 1) [0m
Rendering proposals/show
Completed in 4ms (View: 2, DB: 0) | 200 OK [http://www.example.com/proposals/1]
  [4;36;1mProposal Load (0.4ms)[0m   [0;1mSELECT * FROM "proposals" [0m
  [4;35;1mCitizen Load (0.1ms)[0m   [0mSELECT * FROM "citizens" [0m
  [4;36;1mProposal Create (0.7ms)[0m   [0;1mINSERT INTO "proposals" ("name", "created_at", "updated_at", "description", "limit_date") VALUES('pagar el rescate a los piratas', '2009-11-23 20:56:22', '2009-11-23 20:56:22', NULL, NULL)[0m
  [4;35;1mCitizen Create (0.1ms)[0m   [0mINSERT INTO "citizens" ("name", "created_at", "updated_at") VALUES('Ana', '2009-11-23 20:56:22', '2009-11-23 20:56:22')[0m
REQUESTING PAGE: GET /proposals/1 with {} and HTTP headers {}


Processing ProposalsController#show (for 127.0.0.1 at 2009-11-23 21:56:22) [GET]
  Parameters: {"id"=>"1"}
  [4;36;1mProposal Load (0.4ms)[0m   [0;1mSELECT * FROM "proposals" WHERE ("proposals"."id" = 1) [0m
Rendering proposals/show
Completed in 10ms (View: 6, DB: 2) | 200 OK [http://www.example.com/proposals/1]
REQUESTING PAGE: POST /proposals/1/votes with {"commit"=>"SI"} and HTTP headers {"HTTP_REFERER"=>"/proposals/1"}


Processing VotesController#create (for 127.0.0.1 at 2009-11-23 21:56:22) [POST]
  Parameters: {"commit"=>"SI", "proposal_id"=>"1"}
  [4;35;1mProposal Load (0.4ms)[0m   [0mSELECT * FROM "proposals" WHERE ("proposals"."id" = 1) [0m
  [4;36;1mVote Create (0.2ms)[0m   [0;1mINSERT INTO "votes" ("created_at", "updated_at", "value", "proposal_id", "citizen_id") VALUES('2009-11-23 20:56:22', '2009-11-23 20:56:22', NULL, 1, NULL)[0m
  [4;35;1mProposal Load (0.4ms)[0m   [0mSELECT * FROM "proposals" WHERE ("proposals"."id" = 1) [0m
Redirected to http://www.example.com/proposals/1
Completed in 20ms (DB: 0) | 302 Found [http://www.example.com/proposals/1/votes]
REQUESTING PAGE: GET http://www.example.com/proposals/1 with {} and HTTP headers {"HTTP_REFERER"=>"/proposals/1/votes"}


Processing ProposalsController#show (for 127.0.0.1 at 2009-11-23 21:56:23) [GET]
  Parameters: {"id"=>"1"}
  [4;36;1mProposal Load (0.3ms)[0m   [0;1mSELECT * FROM "proposals" WHERE ("proposals"."id" = 1) [0m
Rendering proposals/show
Completed in 3ms (View: 1, DB: 0) | 200 OK [http://www.example.com/proposals/1]
  [4;36;1mProposal Load (0.4ms)[0m   [0;1mSELECT * FROM "proposals" [0m
  [4;35;1mCitizen Load (0.1ms)[0m   [0mSELECT * FROM "citizens" [0m
  [4;36;1mProposal Create (0.7ms)[0m   [0;1mINSERT INTO "proposals" ("name", "created_at", "updated_at", "description", "limit_date") VALUES('pagar el rescate a los piratas', '2009-11-23 20:57:33', '2009-11-23 20:57:33', NULL, NULL)[0m
  [4;35;1mCitizen Create (0.1ms)[0m   [0mINSERT INTO "citizens" ("name", "created_at", "updated_at") VALUES('Ana', '2009-11-23 20:57:33', '2009-11-23 20:57:33')[0m
REQUESTING PAGE: GET /proposals/1 with {} and HTTP headers {}


Processing ProposalsController#show (for 127.0.0.1 at 2009-11-23 21:57:33) [GET]
  Parameters: {"id"=>"1"}
  [4;36;1mProposal Load (0.3ms)[0m   [0;1mSELECT * FROM "proposals" WHERE ("proposals"."id" = 1) [0m
Rendering proposals/show
Completed in 9ms (View: 4, DB: 2) | 200 OK [http://www.example.com/proposals/1]
REQUESTING PAGE: POST /proposals/1/votes with {"commit"=>"SI"} and HTTP headers {"HTTP_REFERER"=>"/proposals/1"}


Processing VotesController#create (for 127.0.0.1 at 2009-11-23 21:57:33) [POST]
  Parameters: {"commit"=>"SI", "proposal_id"=>"1"}
  [4;35;1mProposal Load (0.3ms)[0m   [0mSELECT * FROM "proposals" WHERE ("proposals"."id" = 1) [0m
  [4;36;1mVote Create (0.2ms)[0m   [0;1mINSERT INTO "votes" ("created_at", "updated_at", "value", "proposal_id", "citizen_id") VALUES('2009-11-23 20:57:33', '2009-11-23 20:57:33', NULL, 1, NULL)[0m
  [4;35;1mProposal Load (0.3ms)[0m   [0mSELECT * FROM "proposals" WHERE ("proposals"."id" = 1) [0m
Redirected to http://www.example.com/proposals/1
Completed in 16ms (DB: 0) | 302 Found [http://www.example.com/proposals/1/votes]
REQUESTING PAGE: GET http://www.example.com/proposals/1 with {} and HTTP headers {"HTTP_REFERER"=>"/proposals/1/votes"}


Processing ProposalsController#show (for 127.0.0.1 at 2009-11-23 21:57:33) [GET]
  Parameters: {"id"=>"1"}
  [4;36;1mProposal Load (0.3ms)[0m   [0;1mSELECT * FROM "proposals" WHERE ("proposals"."id" = 1) [0m
Rendering proposals/show
Completed in 3ms (View: 1, DB: 0) | 200 OK [http://www.example.com/proposals/1]
  [4;36;1mProposal Load (0.4ms)[0m   [0;1mSELECT * FROM "proposals" [0m
  [4;35;1mCitizen Load (0.1ms)[0m   [0mSELECT * FROM "citizens" [0m
  [4;36;1mProposal Create (0.5ms)[0m   [0;1mINSERT INTO "proposals" ("name", "created_at", "updated_at", "description", "limit_date") VALUES('pagar el rescate a los piratas', '2009-11-23 20:59:48', '2009-11-23 20:59:48', NULL, NULL)[0m
  [4;35;1mCitizen Create (0.1ms)[0m   [0mINSERT INTO "citizens" ("name", "created_at", "updated_at") VALUES('Ana', '2009-11-23 20:59:48', '2009-11-23 20:59:48')[0m
REQUESTING PAGE: GET /proposals/1 with {} and HTTP headers {}


Processing ProposalsController#show (for 127.0.0.1 at 2009-11-23 21:59:48) [GET]
  Parameters: {"id"=>"1"}
  [4;36;1mProposal Load (1.0ms)[0m   [0;1mSELECT * FROM "proposals" WHERE ("proposals"."id" = 1) [0m
Rendering proposals/show
Completed in 20ms (View: 10, DB: 2) | 200 OK [http://www.example.com/proposals/1]
REQUESTING PAGE: POST /proposals/1/votes with {"commit"=>"SI"} and HTTP headers {"HTTP_REFERER"=>"/proposals/1"}


Processing VotesController#create (for 127.0.0.1 at 2009-11-23 21:59:48) [POST]
  Parameters: {"commit"=>"SI", "proposal_id"=>"1"}
  [4;35;1mProposal Load (0.4ms)[0m   [0mSELECT * FROM "proposals" WHERE ("proposals"."id" = 1) [0m
  [4;36;1mVote Create (0.3ms)[0m   [0;1mINSERT INTO "votes" ("created_at", "updated_at", "value", "proposal_id", "citizen_id") VALUES('2009-11-23 20:59:48', '2009-11-23 20:59:48', NULL, 1, NULL)[0m
  [4;35;1mProposal Load (0.2ms)[0m   [0mSELECT * FROM "proposals" WHERE ("proposals"."id" = 1) [0m
Redirected to http://www.example.com/proposals/1
Completed in 9ms (DB: 0) | 302 Found [http://www.example.com/proposals/1/votes]
REQUESTING PAGE: GET http://www.example.com/proposals/1 with {} and HTTP headers {"HTTP_REFERER"=>"/proposals/1/votes"}


Processing ProposalsController#show (for 127.0.0.1 at 2009-11-23 21:59:49) [GET]
  Parameters: {"id"=>"1"}
  [4;36;1mProposal Load (0.3ms)[0m   [0;1mSELECT * FROM "proposals" WHERE ("proposals"."id" = 1) [0m
Rendering proposals/show
Completed in 3ms (View: 2, DB: 0) | 200 OK [http://www.example.com/proposals/1]
  [4;36;1mProposal Load (0.4ms)[0m   [0;1mSELECT * FROM "proposals" [0m
  [4;35;1mCitizen Load (0.1ms)[0m   [0mSELECT * FROM "citizens" [0m
  [4;36;1mProposal Create (0.5ms)[0m   [0;1mINSERT INTO "proposals" ("name", "created_at", "updated_at", "description", "limit_date") VALUES('pagar el rescate a los piratas', '2009-11-23 21:05:40', '2009-11-23 21:05:40', NULL, NULL)[0m
  [4;35;1mCitizen Create (0.1ms)[0m   [0mINSERT INTO "citizens" ("name", "created_at", "updated_at") VALUES('Ana', '2009-11-23 21:05:40', '2009-11-23 21:05:40')[0m
REQUESTING PAGE: GET /proposals/1 with {} and HTTP headers {}


Processing ProposalsController#show (for 127.0.0.1 at 2009-11-23 22:05:40) [GET]
  Parameters: {"id"=>"1"}
  [4;36;1mProposal Load (0.3ms)[0m   [0;1mSELECT * FROM "proposals" WHERE ("proposals"."id" = 1) [0m
Rendering proposals/show
Completed in 20ms (View: 15, DB: 1) | 200 OK [http://www.example.com/proposals/1]
REQUESTING PAGE: POST /proposals/1/votes with {"commit"=>"SI"} and HTTP headers {"HTTP_REFERER"=>"/proposals/1"}


Processing VotesController#create (for 127.0.0.1 at 2009-11-23 22:05:40) [POST]
  Parameters: {"commit"=>"SI", "proposal_id"=>"1"}
  [4;35;1mProposal Load (0.3ms)[0m   [0mSELECT * FROM "proposals" WHERE ("proposals"."id" = 1) [0m
  [4;36;1mVote Create (0.2ms)[0m   [0;1mINSERT INTO "votes" ("created_at", "updated_at", "value", "proposal_id", "citizen_id") VALUES('2009-11-23 21:05:40', '2009-11-23 21:05:40', NULL, 1, NULL)[0m
  [4;35;1mProposal Load (0.2ms)[0m   [0mSELECT * FROM "proposals" WHERE ("proposals"."id" = 1) [0m
Redirected to http://www.example.com/proposals/1
Completed in 8ms (DB: 0) | 302 Found [http://www.example.com/proposals/1/votes]
REQUESTING PAGE: GET http://www.example.com/proposals/1 with {} and HTTP headers {"HTTP_REFERER"=>"/proposals/1/votes"}


Processing ProposalsController#show (for 127.0.0.1 at 2009-11-23 22:05:40) [GET]
  Parameters: {"id"=>"1"}
  [4;36;1mProposal Load (0.3ms)[0m   [0;1mSELECT * FROM "proposals" WHERE ("proposals"."id" = 1) [0m
Rendering proposals/show
Completed in 3ms (View: 2, DB: 0) | 200 OK [http://www.example.com/proposals/1]
  [4;36;1mProposal Load (0.4ms)[0m   [0;1mSELECT * FROM "proposals" [0m
  [4;35;1mCitizen Load (0.1ms)[0m   [0mSELECT * FROM "citizens" [0m
  [4;36;1mProposal Create (0.4ms)[0m   [0;1mINSERT INTO "proposals" ("name", "created_at", "updated_at", "description", "limit_date") VALUES('pagar el rescate a los piratas', '2009-11-23 21:13:55', '2009-11-23 21:13:55', NULL, NULL)[0m
  [4;35;1mCitizen Create (0.1ms)[0m   [0mINSERT INTO "citizens" ("name", "created_at", "updated_at") VALUES('Ana', '2009-11-23 21:13:55', '2009-11-23 21:13:55')[0m
REQUESTING PAGE: GET /proposals/1 with {} and HTTP headers {}


Processing ProposalsController#show (for 127.0.0.1 at 2009-11-23 22:13:55) [GET]
  Parameters: {"id"=>"1"}
  [4;36;1mProposal Load (0.3ms)[0m   [0;1mSELECT * FROM "proposals" WHERE ("proposals"."id" = 1) [0m
Rendering proposals/show
Completed in 14ms (View: 9, DB: 1) | 200 OK [http://www.example.com/proposals/1]
REQUESTING PAGE: POST /proposals/1/votes with {"commit"=>"SI"} and HTTP headers {"HTTP_REFERER"=>"/proposals/1"}


Processing VotesController#create (for 127.0.0.1 at 2009-11-23 22:13:55) [POST]
  Parameters: {"commit"=>"SI", "proposal_id"=>"1"}
  [4;35;1mProposal Load (0.3ms)[0m   [0mSELECT * FROM "proposals" WHERE ("proposals"."id" = 1) [0m
  [4;36;1mVote Create (0.2ms)[0m   [0;1mINSERT INTO "votes" ("created_at", "updated_at", "value", "proposal_id", "citizen_id") VALUES('2009-11-23 21:13:55', '2009-11-23 21:13:55', NULL, 1, NULL)[0m
  [4;35;1mProposal Load (0.2ms)[0m   [0mSELECT * FROM "proposals" WHERE ("proposals"."id" = 1) [0m
Redirected to http://www.example.com/proposals/1
Completed in 10ms (DB: 0) | 302 Found [http://www.example.com/proposals/1/votes]
REQUESTING PAGE: GET http://www.example.com/proposals/1 with {} and HTTP headers {"HTTP_REFERER"=>"/proposals/1/votes"}


Processing ProposalsController#show (for 127.0.0.1 at 2009-11-23 22:13:55) [GET]
  Parameters: {"id"=>"1"}
  [4;36;1mProposal Load (0.3ms)[0m   [0;1mSELECT * FROM "proposals" WHERE ("proposals"."id" = 1) [0m
Rendering proposals/show
Completed in 3ms (View: 2, DB: 0) | 200 OK [http://www.example.com/proposals/1]
  [4;36;1mProposal Load (0.4ms)[0m   [0;1mSELECT * FROM "proposals" [0m
  [4;35;1mCitizen Load (0.1ms)[0m   [0mSELECT * FROM "citizens" [0m
  [4;36;1mProposal Create (0.5ms)[0m   [0;1mINSERT INTO "proposals" ("name", "created_at", "updated_at", "description", "limit_date") VALUES('pagar el rescate a los piratas', '2009-11-23 21:15:29', '2009-11-23 21:15:29', NULL, NULL)[0m
  [4;35;1mCitizen Create (0.1ms)[0m   [0mINSERT INTO "citizens" ("name", "created_at", "updated_at") VALUES('Ana', '2009-11-23 21:15:29', '2009-11-23 21:15:29')[0m
REQUESTING PAGE: GET /proposals/1 with {} and HTTP headers {}


Processing ProposalsController#show (for 127.0.0.1 at 2009-11-23 22:15:29) [GET]
  Parameters: {"id"=>"1"}
  [4;36;1mProposal Load (0.4ms)[0m   [0;1mSELECT * FROM "proposals" WHERE ("proposals"."id" = 1) [0m
Rendering proposals/show
Completed in 17ms (View: 12, DB: 1) | 200 OK [http://www.example.com/proposals/1]
REQUESTING PAGE: POST /proposals/1/votes with {"commit"=>"SI"} and HTTP headers {"HTTP_REFERER"=>"/proposals/1"}


Processing VotesController#create (for 127.0.0.1 at 2009-11-23 22:15:29) [POST]
  Parameters: {"commit"=>"SI", "proposal_id"=>"1"}
  [4;35;1mProposal Load (0.3ms)[0m   [0mSELECT * FROM "proposals" WHERE ("proposals"."id" = 1) [0m
  [4;36;1mVote Create (0.2ms)[0m   [0;1mINSERT INTO "votes" ("created_at", "updated_at", "value", "proposal_id", "citizen_id") VALUES('2009-11-23 21:15:29', '2009-11-23 21:15:29', NULL, 1, NULL)[0m
  [4;35;1mProposal Load (0.2ms)[0m   [0mSELECT * FROM "proposals" WHERE ("proposals"."id" = 1) [0m
Redirected to http://www.example.com/proposals/1
Completed in 9ms (DB: 0) | 302 Found [http://www.example.com/proposals/1/votes]
REQUESTING PAGE: GET http://www.example.com/proposals/1 with {} and HTTP headers {"HTTP_REFERER"=>"/proposals/1/votes"}


Processing ProposalsController#show (for 127.0.0.1 at 2009-11-23 22:15:29) [GET]
  Parameters: {"id"=>"1"}
  [4;36;1mProposal Load (0.3ms)[0m   [0;1mSELECT * FROM "proposals" WHERE ("proposals"."id" = 1) [0m
Rendering proposals/show
Completed in 3ms (View: 2, DB: 0) | 200 OK [http://www.example.com/proposals/1]
  [4;36;1mProposal Load (0.4ms)[0m   [0;1mSELECT * FROM "proposals" [0m
  [4;35;1mCitizen Load (0.1ms)[0m   [0mSELECT * FROM "citizens" [0m
  [4;36;1mVote Load (0.1ms)[0m   [0;1mSELECT * FROM "votes" [0m
  [4;35;1mProposal Create (0.5ms)[0m   [0mINSERT INTO "proposals" ("name", "created_at", "updated_at", "description", "limit_date") VALUES('pagar el rescate a los piratas', '2009-11-23 21:16:37', '2009-11-23 21:16:37', NULL, NULL)[0m
  [4;36;1mCitizen Create (0.1ms)[0m   [0;1mINSERT INTO "citizens" ("name", "created_at", "updated_at") VALUES('Ana', '2009-11-23 21:16:37', '2009-11-23 21:16:37')[0m
REQUESTING PAGE: GET /proposals/1 with {} and HTTP headers {}


Processing ProposalsController#show (for 127.0.0.1 at 2009-11-23 22:16:37) [GET]
  Parameters: {"id"=>"1"}
  [4;35;1mProposal Load (0.2ms)[0m   [0mSELECT * FROM "proposals" WHERE ("proposals"."id" = 1) [0m
Rendering proposals/show
Completed in 14ms (View: 10, DB: 1) | 200 OK [http://www.example.com/proposals/1]
REQUESTING PAGE: POST /proposals/1/votes with {"commit"=>"SI"} and HTTP headers {"HTTP_REFERER"=>"/proposals/1"}


Processing VotesController#create (for 127.0.0.1 at 2009-11-23 22:16:37) [POST]
  Parameters: {"commit"=>"SI", "proposal_id"=>"1"}
  [4;36;1mProposal Load (0.5ms)[0m   [0;1mSELECT * FROM "proposals" WHERE ("proposals"."id" = 1) [0m
  [4;35;1mVote Create (0.2ms)[0m   [0mINSERT INTO "votes" ("created_at", "updated_at", "value", "proposal_id", "citizen_id") VALUES('2009-11-23 21:16:37', '2009-11-23 21:16:37', NULL, 1, NULL)[0m
  [4;36;1mProposal Load (0.2ms)[0m   [0;1mSELECT * FROM "proposals" WHERE ("proposals"."id" = 1) [0m
Redirected to http://www.example.com/proposals/1
Completed in 9ms (DB: 0) | 302 Found [http://www.example.com/proposals/1/votes]
REQUESTING PAGE: GET http://www.example.com/proposals/1 with {} and HTTP headers {"HTTP_REFERER"=>"/proposals/1/votes"}


Processing ProposalsController#show (for 127.0.0.1 at 2009-11-23 22:16:37) [GET]
  Parameters: {"id"=>"1"}
  [4;35;1mProposal Load (0.3ms)[0m   [0mSELECT * FROM "proposals" WHERE ("proposals"."id" = 1) [0m
Rendering proposals/show
Completed in 3ms (View: 2, DB: 0) | 200 OK [http://www.example.com/proposals/1]
  [4;36;1mVote Load (0.1ms)[0m   [0;1mSELECT * FROM "votes" WHERE (value='SI') [0m
  [4;36;1mProposal Load (0.4ms)[0m   [0;1mSELECT * FROM "proposals" [0m
  [4;35;1mCitizen Load (0.1ms)[0m   [0mSELECT * FROM "citizens" [0m
  [4;36;1mVote Load (0.1ms)[0m   [0;1mSELECT * FROM "votes" [0m
  [4;35;1mProposal Create (0.5ms)[0m   [0mINSERT INTO "proposals" ("name", "created_at", "updated_at", "description", "limit_date") VALUES('pagar el rescate a los piratas', '2009-11-23 21:19:18', '2009-11-23 21:19:18', NULL, NULL)[0m
  [4;36;1mCitizen Create (0.1ms)[0m   [0;1mINSERT INTO "citizens" ("name", "created_at", "updated_at") VALUES('Ana', '2009-11-23 21:19:18', '2009-11-23 21:19:18')[0m
REQUESTING PAGE: GET /proposals/1 with {} and HTTP headers {}


Processing ProposalsController#show (for 127.0.0.1 at 2009-11-23 22:19:18) [GET]
  Parameters: {"id"=>"1"}
  [4;35;1mProposal Load (0.2ms)[0m   [0mSELECT * FROM "proposals" WHERE ("proposals"."id" = 1) [0m
Rendering proposals/show


Processing ApplicationController#show (for 127.0.0.1 at 2009-11-23 22:19:18) [GET]
  Parameters: {"id"=>"1"}
  [4;36;1mProposal Load (0.4ms)[0m   [0;1mSELECT * FROM "proposals" [0m
  [4;35;1mCitizen Load (0.1ms)[0m   [0mSELECT * FROM "citizens" [0m
  [4;36;1mVote Load (0.1ms)[0m   [0;1mSELECT * FROM "votes" [0m
  [4;35;1mProposal Create (0.5ms)[0m   [0mINSERT INTO "proposals" ("name", "created_at", "updated_at", "description", "limit_date") VALUES('pagar el rescate a los piratas', '2009-11-23 21:19:46', '2009-11-23 21:19:46', NULL, NULL)[0m
  [4;36;1mCitizen Create (0.1ms)[0m   [0;1mINSERT INTO "citizens" ("name", "created_at", "updated_at") VALUES('Ana', '2009-11-23 21:19:46', '2009-11-23 21:19:46')[0m
REQUESTING PAGE: GET /proposals/1 with {} and HTTP headers {}


Processing ProposalsController#show (for 127.0.0.1 at 2009-11-23 22:19:46) [GET]
  Parameters: {"id"=>"1"}
  [4;35;1mProposal Load (0.2ms)[0m   [0mSELECT * FROM "proposals" WHERE ("proposals"."id" = 1) [0m
Rendering proposals/show


Processing ApplicationController#show (for 127.0.0.1 at 2009-11-23 22:19:46) [GET]
  Parameters: {"id"=>"1"}
  [4;36;1mProposal Load (0.4ms)[0m   [0;1mSELECT * FROM "proposals" [0m
  [4;35;1mCitizen Load (0.1ms)[0m   [0mSELECT * FROM "citizens" [0m
  [4;36;1mVote Load (0.1ms)[0m   [0;1mSELECT * FROM "votes" [0m
  [4;35;1mProposal Create (0.4ms)[0m   [0mINSERT INTO "proposals" ("name", "created_at", "updated_at", "description", "limit_date") VALUES('pagar el rescate a los piratas', '2009-11-23 21:20:18', '2009-11-23 21:20:18', NULL, NULL)[0m
  [4;36;1mCitizen Create (0.1ms)[0m   [0;1mINSERT INTO "citizens" ("name", "created_at", "updated_at") VALUES('Ana', '2009-11-23 21:20:18', '2009-11-23 21:20:18')[0m
REQUESTING PAGE: GET /proposals/1 with {} and HTTP headers {}


Processing ProposalsController#show (for 127.0.0.1 at 2009-11-23 22:20:18) [GET]
  Parameters: {"id"=>"1"}
  [4;35;1mProposal Load (0.2ms)[0m   [0mSELECT * FROM "proposals" WHERE ("proposals"."id" = 1) [0m
Rendering proposals/show
Completed in 14ms (View: 10, DB: 1) | 200 OK [http://www.example.com/proposals/1]
REQUESTING PAGE: POST /proposals/1/votes with {"commit"=>"SI", "vote"=>{"value"=>"SI"}} and HTTP headers {"HTTP_REFERER"=>"/proposals/1"}


Processing VotesController#create (for 127.0.0.1 at 2009-11-23 22:20:18) [POST]
  Parameters: {"commit"=>"SI", "vote"=>{"value"=>"SI"}, "proposal_id"=>"1"}
  [4;36;1mProposal Load (0.3ms)[0m   [0;1mSELECT * FROM "proposals" WHERE ("proposals"."id" = 1) [0m
  [4;35;1mVote Create (0.2ms)[0m   [0mINSERT INTO "votes" ("created_at", "updated_at", "value", "proposal_id", "citizen_id") VALUES('2009-11-23 21:20:18', '2009-11-23 21:20:18', 'SI', 1, NULL)[0m
  [4;36;1mProposal Load (0.2ms)[0m   [0;1mSELECT * FROM "proposals" WHERE ("proposals"."id" = 1) [0m
Redirected to http://www.example.com/proposals/1
Completed in 69ms (DB: 0) | 302 Found [http://www.example.com/proposals/1/votes]
REQUESTING PAGE: GET http://www.example.com/proposals/1 with {} and HTTP headers {"HTTP_REFERER"=>"/proposals/1/votes"}


Processing ProposalsController#show (for 127.0.0.1 at 2009-11-23 22:20:18) [GET]
  Parameters: {"id"=>"1"}
  [4;35;1mProposal Load (0.3ms)[0m   [0mSELECT * FROM "proposals" WHERE ("proposals"."id" = 1) [0m
Rendering proposals/show
Completed in 3ms (View: 2, DB: 0) | 200 OK [http://www.example.com/proposals/1]
  [4;36;1mVote Load (0.2ms)[0m   [0;1mSELECT * FROM "votes" WHERE (value='SI') [0m
  [4;36;1mProposal Load (0.4ms)[0m   [0;1mSELECT * FROM "proposals" [0m
  [4;35;1mCitizen Load (0.1ms)[0m   [0mSELECT * FROM "citizens" [0m
  [4;36;1mVote Load (0.1ms)[0m   [0;1mSELECT * FROM "votes" [0m
  [4;35;1mProposal Create (0.5ms)[0m   [0mINSERT INTO "proposals" ("name", "created_at", "updated_at", "description", "limit_date") VALUES('pagar el rescate a los piratas', '2009-11-23 21:20:50', '2009-11-23 21:20:50', NULL, NULL)[0m
  [4;36;1mCitizen Create (0.1ms)[0m   [0;1mINSERT INTO "citizens" ("name", "created_at", "updated_at") VALUES('Ana', '2009-11-23 21:20:50', '2009-11-23 21:20:50')[0m
REQUESTING PAGE: GET /proposals/1 with {} and HTTP headers {}


Processing ProposalsController#show (for 127.0.0.1 at 2009-11-23 22:20:50) [GET]
  Parameters: {"id"=>"1"}
  [4;35;1mProposal Load (0.3ms)[0m   [0mSELECT * FROM "proposals" WHERE ("proposals"."id" = 1) [0m
Rendering proposals/show
Completed in 15ms (View: 11, DB: 1) | 200 OK [http://www.example.com/proposals/1]
REQUESTING PAGE: POST /proposals/1/votes with {"commit"=>"SI", "vote"=>{"value"=>"SI"}} and HTTP headers {"HTTP_REFERER"=>"/proposals/1"}


Processing VotesController#create (for 127.0.0.1 at 2009-11-23 22:20:50) [POST]
  Parameters: {"commit"=>"SI", "vote"=>{"value"=>"SI"}, "proposal_id"=>"1"}
  [4;36;1mProposal Load (0.3ms)[0m   [0;1mSELECT * FROM "proposals" WHERE ("proposals"."id" = 1) [0m
  [4;35;1mVote Create (0.2ms)[0m   [0mINSERT INTO "votes" ("created_at", "updated_at", "value", "proposal_id", "citizen_id") VALUES('2009-11-23 21:20:50', '2009-11-23 21:20:50', 'SI', 1, NULL)[0m
  [4;36;1mProposal Load (0.3ms)[0m   [0;1mSELECT * FROM "proposals" WHERE ("proposals"."id" = 1) [0m
Redirected to http://www.example.com/proposals/1
Completed in 10ms (DB: 0) | 302 Found [http://www.example.com/proposals/1/votes]
REQUESTING PAGE: GET http://www.example.com/proposals/1 with {} and HTTP headers {"HTTP_REFERER"=>"/proposals/1/votes"}


Processing ProposalsController#show (for 127.0.0.1 at 2009-11-23 22:20:50) [GET]
  Parameters: {"id"=>"1"}
  [4;35;1mProposal Load (0.3ms)[0m   [0mSELECT * FROM "proposals" WHERE ("proposals"."id" = 1) [0m
Rendering proposals/show
Completed in 4ms (View: 2, DB: 0) | 200 OK [http://www.example.com/proposals/1]
  [4;36;1mVote Load (0.3ms)[0m   [0;1mSELECT * FROM "votes" WHERE (value='SI') [0m
  [4;36;1mProposal Load (0.4ms)[0m   [0;1mSELECT * FROM "proposals" [0m
  [4;35;1mCitizen Load (0.1ms)[0m   [0mSELECT * FROM "citizens" [0m
  [4;36;1mVote Load (0.1ms)[0m   [0;1mSELECT * FROM "votes" [0m
  [4;35;1mProposal Create (0.6ms)[0m   [0mINSERT INTO "proposals" ("name", "created_at", "updated_at", "description", "limit_date") VALUES('pagar el rescate a los piratas', '2009-11-23 21:21:42', '2009-11-23 21:21:42', NULL, NULL)[0m
  [4;36;1mCitizen Create (0.2ms)[0m   [0;1mINSERT INTO "citizens" ("name", "created_at", "updated_at") VALUES('Ana', '2009-11-23 21:21:42', '2009-11-23 21:21:42')[0m
REQUESTING PAGE: GET /proposals/1 with {} and HTTP headers {}


Processing ProposalsController#show (for 127.0.0.1 at 2009-11-23 22:21:42) [GET]
  Parameters: {"id"=>"1"}
  [4;35;1mProposal Load (0.2ms)[0m   [0mSELECT * FROM "proposals" WHERE ("proposals"."id" = 1) [0m
Rendering proposals/show
Completed in 13ms (View: 9, DB: 2) | 200 OK [http://www.example.com/proposals/1]
REQUESTING PAGE: POST /proposals/1/votes with {"commit"=>"SI", "vote"=>{"value"=>"SI"}} and HTTP headers {"HTTP_REFERER"=>"/proposals/1"}


Processing VotesController#create (for 127.0.0.1 at 2009-11-23 22:21:42) [POST]
  Parameters: {"commit"=>"SI", "vote"=>{"value"=>"SI"}, "proposal_id"=>"1"}
  [4;36;1mProposal Load (0.3ms)[0m   [0;1mSELECT * FROM "proposals" WHERE ("proposals"."id" = 1) [0m
  [4;35;1mVote Create (0.2ms)[0m   [0mINSERT INTO "votes" ("created_at", "updated_at", "value", "proposal_id", "citizen_id") VALUES('2009-11-23 21:21:42', '2009-11-23 21:21:42', 'SI', 1, NULL)[0m
  [4;36;1mProposal Load (0.2ms)[0m   [0;1mSELECT * FROM "proposals" WHERE ("proposals"."id" = 1) [0m
Redirected to http://www.example.com/proposals/1
Completed in 10ms (DB: 0) | 302 Found [http://www.example.com/proposals/1/votes]
REQUESTING PAGE: GET http://www.example.com/proposals/1 with {} and HTTP headers {"HTTP_REFERER"=>"/proposals/1/votes"}


Processing ProposalsController#show (for 127.0.0.1 at 2009-11-23 22:21:42) [GET]
  Parameters: {"id"=>"1"}
  [4;35;1mProposal Load (0.3ms)[0m   [0mSELECT * FROM "proposals" WHERE ("proposals"."id" = 1) [0m
Rendering proposals/show
Completed in 3ms (View: 2, DB: 0) | 200 OK [http://www.example.com/proposals/1]
  [4;36;1mVote Load (0.3ms)[0m   [0;1mSELECT * FROM "votes" WHERE (value='SI') [0m
  [4;35;1mProposal Load (0.2ms)[0m   [0mSELECT * FROM "proposals" WHERE ("proposals"."name" = 'pagar el rescate a los piratas') LIMIT 1[0m
  [4;36;1mProposal Load (0.2ms)[0m   [0;1mSELECT * FROM "proposals" WHERE ("proposals"."id" = 1) [0m
  [4;35;1mCitizen Load (0.2ms)[0m   [0mSELECT * FROM "citizens" WHERE ("citizens"."name" = 'Ana') LIMIT 1[0m
  [4;36;1mProposal Load (0.4ms)[0m   [0;1mSELECT * FROM "proposals" [0m
  [4;35;1mCitizen Load (0.1ms)[0m   [0mSELECT * FROM "citizens" [0m
  [4;36;1mVote Load (0.1ms)[0m   [0;1mSELECT * FROM "votes" [0m
  [4;35;1mProposal Create (0.5ms)[0m   [0mINSERT INTO "proposals" ("name", "created_at", "updated_at", "description", "limit_date") VALUES('pagar el rescate a los piratas', '2009-11-23 21:22:31', '2009-11-23 21:22:31', NULL, NULL)[0m
  [4;36;1mCitizen Create (0.1ms)[0m   [0;1mINSERT INTO "citizens" ("name", "created_at", "updated_at") VALUES('Ana', '2009-11-23 21:22:31', '2009-11-23 21:22:31')[0m
REQUESTING PAGE: GET /proposals/1 with {} and HTTP headers {}


Processing ProposalsController#show (for 127.0.0.1 at 2009-11-23 22:22:31) [GET]
  Parameters: {"id"=>"1"}
  [4;35;1mProposal Load (0.2ms)[0m   [0mSELECT * FROM "proposals" WHERE ("proposals"."id" = 1) [0m
Rendering proposals/show
Completed in 14ms (View: 10, DB: 1) | 200 OK [http://www.example.com/proposals/1]
REQUESTING PAGE: POST /proposals/1/votes with {"commit"=>"SI", "vote"=>{"value"=>"SI"}} and HTTP headers {"HTTP_REFERER"=>"/proposals/1"}


Processing VotesController#create (for 127.0.0.1 at 2009-11-23 22:22:31) [POST]
  Parameters: {"commit"=>"SI", "vote"=>{"value"=>"SI"}, "proposal_id"=>"1"}
  [4;36;1mProposal Load (0.3ms)[0m   [0;1mSELECT * FROM "proposals" WHERE ("proposals"."id" = 1) [0m
  [4;35;1mVote Create (0.2ms)[0m   [0mINSERT INTO "votes" ("created_at", "updated_at", "value", "proposal_id", "citizen_id") VALUES('2009-11-23 21:22:31', '2009-11-23 21:22:31', 'SI', 1, NULL)[0m
  [4;36;1mProposal Load (0.2ms)[0m   [0;1mSELECT * FROM "proposals" WHERE ("proposals"."id" = 1) [0m
Redirected to http://www.example.com/proposals/1
Completed in 64ms (DB: 0) | 302 Found [http://www.example.com/proposals/1/votes]
REQUESTING PAGE: GET http://www.example.com/proposals/1 with {} and HTTP headers {"HTTP_REFERER"=>"/proposals/1/votes"}


Processing ProposalsController#show (for 127.0.0.1 at 2009-11-23 22:22:31) [GET]
  Parameters: {"id"=>"1"}
  [4;35;1mProposal Load (0.3ms)[0m   [0mSELECT * FROM "proposals" WHERE ("proposals"."id" = 1) [0m
Rendering proposals/show
Completed in 3ms (View: 2, DB: 0) | 200 OK [http://www.example.com/proposals/1]
  [4;36;1mVote Load (0.3ms)[0m   [0;1mSELECT * FROM "votes" WHERE (value='SI') [0m
  [4;35;1mProposal Load (0.2ms)[0m   [0mSELECT * FROM "proposals" WHERE ("proposals"."name" = 'pagar el rescate a los piratas') LIMIT 1[0m
  [4;36;1mProposal Load (0.2ms)[0m   [0;1mSELECT * FROM "proposals" WHERE ("proposals"."id" = 1) [0m
  [4;35;1mCitizen Load (0.2ms)[0m   [0mSELECT * FROM "citizens" WHERE ("citizens"."name" = 'Ana') LIMIT 1[0m
  [4;36;1mProposal Load (0.4ms)[0m   [0;1mSELECT * FROM "proposals" [0m
  [4;35;1mCitizen Load (0.1ms)[0m   [0mSELECT * FROM "citizens" [0m
  [4;36;1mVote Load (0.1ms)[0m   [0;1mSELECT * FROM "votes" [0m
  [4;35;1mProposal Create (0.4ms)[0m   [0mINSERT INTO "proposals" ("name", "created_at", "updated_at", "description", "limit_date") VALUES('pagar el rescate a los piratas', '2009-11-23 21:23:55', '2009-11-23 21:23:55', NULL, NULL)[0m
  [4;36;1mCitizen Create (0.1ms)[0m   [0;1mINSERT INTO "citizens" ("name", "created_at", "updated_at") VALUES('Ana', '2009-11-23 21:23:55', '2009-11-23 21:23:55')[0m
REQUESTING PAGE: GET /proposals/1 with {} and HTTP headers {}


Processing ProposalsController#show (for 127.0.0.1 at 2009-11-23 22:23:55) [GET]
  Parameters: {"id"=>"1"}
  [4;35;1mProposal Load (0.2ms)[0m   [0mSELECT * FROM "proposals" WHERE ("proposals"."id" = 1) [0m
Rendering proposals/show


Processing ApplicationController#show (for 127.0.0.1 at 2009-11-23 22:23:55) [GET]
  Parameters: {"id"=>"1"}
  [4;36;1mProposal Load (0.4ms)[0m   [0;1mSELECT * FROM "proposals" [0m
  [4;35;1mCitizen Load (0.1ms)[0m   [0mSELECT * FROM "citizens" [0m
  [4;36;1mVote Load (0.1ms)[0m   [0;1mSELECT * FROM "votes" [0m
  [4;35;1mProposal Create (0.4ms)[0m   [0mINSERT INTO "proposals" ("name", "created_at", "updated_at", "description", "limit_date") VALUES('pagar el rescate a los piratas', '2009-11-23 21:24:45', '2009-11-23 21:24:45', NULL, NULL)[0m
  [4;36;1mCitizen Create (0.1ms)[0m   [0;1mINSERT INTO "citizens" ("name", "created_at", "updated_at") VALUES('Ana', '2009-11-23 21:24:45', '2009-11-23 21:24:45')[0m
REQUESTING PAGE: GET /proposals/1 with {} and HTTP headers {}


Processing ProposalsController#show (for 127.0.0.1 at 2009-11-23 22:24:45) [GET]
  Parameters: {"id"=>"1"}
  [4;35;1mProposal Load (0.2ms)[0m   [0mSELECT * FROM "proposals" WHERE ("proposals"."id" = 1) [0m
Rendering proposals/show
Completed in 15ms (View: 11, DB: 1) | 200 OK [http://www.example.com/proposals/1]
REQUESTING PAGE: POST /proposals/1/votes with {"commit"=>"SI", "vote"=>{"value"=>"SI", "citizen_id"=>""}} and HTTP headers {"HTTP_REFERER"=>"/proposals/1"}


Processing VotesController#create (for 127.0.0.1 at 2009-11-23 22:24:45) [POST]
  Parameters: {"commit"=>"SI", "vote"=>{"value"=>"SI", "citizen_id"=>""}, "proposal_id"=>"1"}
  [4;36;1mProposal Load (0.3ms)[0m   [0;1mSELECT * FROM "proposals" WHERE ("proposals"."id" = 1) [0m
  [4;35;1mVote Create (0.2ms)[0m   [0mINSERT INTO "votes" ("created_at", "updated_at", "value", "proposal_id", "citizen_id") VALUES('2009-11-23 21:24:45', '2009-11-23 21:24:45', 'SI', 1, NULL)[0m
  [4;36;1mProposal Load (0.3ms)[0m   [0;1mSELECT * FROM "proposals" WHERE ("proposals"."id" = 1) [0m
Redirected to http://www.example.com/proposals/1
Completed in 62ms (DB: 0) | 302 Found [http://www.example.com/proposals/1/votes]
REQUESTING PAGE: GET http://www.example.com/proposals/1 with {} and HTTP headers {"HTTP_REFERER"=>"/proposals/1/votes"}


Processing ProposalsController#show (for 127.0.0.1 at 2009-11-23 22:24:45) [GET]
  Parameters: {"id"=>"1"}
  [4;35;1mProposal Load (0.3ms)[0m   [0mSELECT * FROM "proposals" WHERE ("proposals"."id" = 1) [0m
Rendering proposals/show
Completed in 3ms (View: 2, DB: 0) | 200 OK [http://www.example.com/proposals/1]
  [4;36;1mVote Load (0.2ms)[0m   [0;1mSELECT * FROM "votes" WHERE (value='SI') [0m
  [4;35;1mProposal Load (0.2ms)[0m   [0mSELECT * FROM "proposals" WHERE ("proposals"."name" = 'pagar el rescate a los piratas') LIMIT 1[0m
  [4;36;1mProposal Load (0.2ms)[0m   [0;1mSELECT * FROM "proposals" WHERE ("proposals"."id" = 1) [0m
  [4;35;1mCitizen Load (0.2ms)[0m   [0mSELECT * FROM "citizens" WHERE ("citizens"."name" = 'Ana') LIMIT 1[0m
  [4;36;1mProposal Load (0.4ms)[0m   [0;1mSELECT * FROM "proposals" [0m
  [4;35;1mCitizen Load (0.1ms)[0m   [0mSELECT * FROM "citizens" [0m
  [4;36;1mVote Load (0.1ms)[0m   [0;1mSELECT * FROM "votes" [0m
  [4;35;1mProposal Create (0.5ms)[0m   [0mINSERT INTO "proposals" ("name", "created_at", "updated_at", "description", "limit_date") VALUES('pagar el rescate a los piratas', '2009-11-23 21:26:31', '2009-11-23 21:26:31', NULL, NULL)[0m
  [4;36;1mCitizen Create (0.1ms)[0m   [0;1mINSERT INTO "citizens" ("name", "created_at", "updated_at") VALUES('Ana', '2009-11-23 21:26:31', '2009-11-23 21:26:31')[0m
  [4;36;1mProposal Load (0.4ms)[0m   [0;1mSELECT * FROM "proposals" [0m
  [4;35;1mCitizen Load (0.1ms)[0m   [0mSELECT * FROM "citizens" [0m
  [4;36;1mVote Load (0.1ms)[0m   [0;1mSELECT * FROM "votes" [0m
  [4;35;1mProposal Create (0.4ms)[0m   [0mINSERT INTO "proposals" ("name", "created_at", "updated_at", "description", "limit_date") VALUES('pagar el rescate a los piratas', '2009-11-23 21:32:22', '2009-11-23 21:32:22', NULL, NULL)[0m
  [4;36;1mCitizen Create (0.1ms)[0m   [0;1mINSERT INTO "citizens" ("name", "created_at", "updated_at") VALUES('Ana', '2009-11-23 21:32:22', '2009-11-23 21:32:22')[0m
REQUESTING PAGE: GET /sessions/create?name=Ana with {} and HTTP headers {}


Processing SessionsController#create (for 127.0.0.1 at 2009-11-23 22:32:22) [GET]
  Parameters: {"name"=>"Ana"}
  [4;35;1mCitizen Load (0.5ms)[0m   [0mSELECT * FROM "citizens" WHERE ("citizens"."name" = 'Ana') LIMIT 1[0m
Rendering sessions/create
Completed in 24ms (View: 12, DB: 2) | 200 OK [http://www.example.com/sessions/create?name=Ana]
REQUESTING PAGE: GET /proposals/1 with {} and HTTP headers {"HTTP_REFERER"=>"/sessions/create?name=Ana"}


Processing ProposalsController#show (for 127.0.0.1 at 2009-11-23 22:32:22) [GET]
  Parameters: {"id"=>"1"}
  [4;36;1mProposal Load (0.2ms)[0m   [0;1mSELECT * FROM "proposals" WHERE ("proposals"."id" = 1) [0m
Rendering proposals/show
Completed in 8ms (View: 4, DB: 0) | 200 OK [http://www.example.com/proposals/1]
REQUESTING PAGE: POST /proposals/1/votes with {"commit"=>"SI", "vote"=>{"value"=>"SI", "citizen_id"=>"1"}} and HTTP headers {"HTTP_REFERER"=>"/proposals/1"}


Processing VotesController#create (for 127.0.0.1 at 2009-11-23 22:32:22) [POST]
  Parameters: {"commit"=>"SI", "vote"=>{"value"=>"SI", "citizen_id"=>"1"}, "proposal_id"=>"1"}
  [4;35;1mProposal Load (0.3ms)[0m   [0mSELECT * FROM "proposals" WHERE ("proposals"."id" = 1) [0m
  [4;36;1mVote Create (0.2ms)[0m   [0;1mINSERT INTO "votes" ("created_at", "updated_at", "value", "proposal_id", "citizen_id") VALUES('2009-11-23 21:32:22', '2009-11-23 21:32:22', 'SI', 1, 1)[0m
  [4;35;1mProposal Load (0.2ms)[0m   [0mSELECT * FROM "proposals" WHERE ("proposals"."id" = 1) [0m
Redirected to http://www.example.com/proposals/1
Completed in 8ms (DB: 0) | 302 Found [http://www.example.com/proposals/1/votes]
REQUESTING PAGE: GET http://www.example.com/proposals/1 with {} and HTTP headers {"HTTP_REFERER"=>"/proposals/1/votes"}


Processing ProposalsController#show (for 127.0.0.1 at 2009-11-23 22:32:22) [GET]
  Parameters: {"id"=>"1"}
  [4;36;1mProposal Load (0.3ms)[0m   [0;1mSELECT * FROM "proposals" WHERE ("proposals"."id" = 1) [0m
Rendering proposals/show
Completed in 3ms (View: 2, DB: 0) | 200 OK [http://www.example.com/proposals/1]
  [4;35;1mVote Load (0.2ms)[0m   [0mSELECT * FROM "votes" WHERE (value='SI') [0m
  [4;36;1mProposal Load (0.2ms)[0m   [0;1mSELECT * FROM "proposals" WHERE ("proposals"."name" = 'pagar el rescate a los piratas') LIMIT 1[0m
  [4;35;1mProposal Load (0.2ms)[0m   [0mSELECT * FROM "proposals" WHERE ("proposals"."id" = 1) [0m
  [4;36;1mCitizen Load (0.2ms)[0m   [0;1mSELECT * FROM "citizens" WHERE ("citizens"."name" = 'Ana') LIMIT 1[0m
  [4;35;1mCitizen Load (0.2ms)[0m   [0mSELECT * FROM "citizens" WHERE ("citizens"."id" = 1) [0m
  [4;36;1mProposal Load (0.4ms)[0m   [0;1mSELECT * FROM "proposals" [0m
  [4;35;1mCitizen Load (0.1ms)[0m   [0mSELECT * FROM "citizens" [0m
  [4;36;1mVote Load (0.1ms)[0m   [0;1mSELECT * FROM "votes" [0m
  [4;36;1mProposal Load (1.0ms)[0m   [0;1mSELECT * FROM "proposals" [0m
  [4;35;1mCitizen Load (0.1ms)[0m   [0mSELECT * FROM "citizens" [0m
  [4;36;1mVote Load (0.1ms)[0m   [0;1mSELECT * FROM "votes" [0m
  [4;35;1mProposal Create (0.6ms)[0m   [0mINSERT INTO "proposals" ("name", "created_at", "updated_at", "description", "limit_date") VALUES('pagar el rescate a los piratas', '2009-11-24 22:16:52', '2009-11-24 22:16:52', NULL, NULL)[0m
  [4;36;1mCitizen Create (0.2ms)[0m   [0;1mINSERT INTO "citizens" ("name", "created_at", "updated_at") VALUES('Ana', '2009-11-24 22:16:52', '2009-11-24 22:16:52')[0m
REQUESTING PAGE: GET /sessions/create?name=Ana with {} and HTTP headers {}


Processing SessionsController#create (for 127.0.0.1 at 2009-11-24 23:16:52) [GET]
  Parameters: {"name"=>"Ana"}
  [4;35;1mCitizen Load (0.3ms)[0m   [0mSELECT * FROM "citizens" WHERE ("citizens"."name" = 'Ana') LIMIT 1[0m
Rendering sessions/create
Completed in 58ms (View: 24, DB: 2) | 200 OK [http://www.example.com/sessions/create?name=Ana]
  [4;36;1mProposal Load (0.5ms)[0m   [0;1mSELECT * FROM "proposals" [0m
  [4;35;1mCitizen Load (0.1ms)[0m   [0mSELECT * FROM "citizens" [0m
  [4;36;1mVote Load (0.1ms)[0m   [0;1mSELECT * FROM "votes" [0m
  [4;35;1mProposal Create (0.6ms)[0m   [0mINSERT INTO "proposals" ("name", "created_at", "updated_at", "description", "limit_date") VALUES('pagar el rescate a los piratas', '2009-11-24 22:17:59', '2009-11-24 22:17:59', NULL, NULL)[0m
  [4;36;1mCitizen Create (0.4ms)[0m   [0;1mINSERT INTO "citizens" ("name", "created_at", "updated_at") VALUES('Ana', '2009-11-24 22:17:59', '2009-11-24 22:17:59')[0m
REQUESTING PAGE: GET /sessions/create?name=Ana with {} and HTTP headers {}


Processing SessionsController#create (for 127.0.0.1 at 2009-11-24 23:17:59) [GET]
  Parameters: {"name"=>"Ana"}
  [4;35;1mCitizen Load (0.3ms)[0m   [0mSELECT * FROM "citizens" WHERE ("citizens"."name" = 'Ana') LIMIT 1[0m
Rendering sessions/create
Completed in 12ms (View: 2, DB: 2) | 200 OK [http://www.example.com/sessions/create?name=Ana]
REQUESTING PAGE: GET /proposals/1 with {} and HTTP headers {"HTTP_REFERER"=>"/sessions/create?name=Ana"}


Processing ProposalsController#show (for 127.0.0.1 at 2009-11-24 23:17:59) [GET]
  Parameters: {"id"=>"1"}
  [4;36;1mProposal Load (0.2ms)[0m   [0;1mSELECT * FROM "proposals" WHERE ("proposals"."id" = 1) [0m
Rendering proposals/show
Completed in 8ms (View: 3, DB: 0) | 200 OK [http://www.example.com/proposals/1]
REQUESTING PAGE: POST /proposals/1/votes with {"commit"=>"SI", "vote"=>{"value"=>"SI", "citizen_id"=>"1"}} and HTTP headers {"HTTP_REFERER"=>"/proposals/1"}


Processing VotesController#create (for 127.0.0.1 at 2009-11-24 23:17:59) [POST]
  Parameters: {"commit"=>"SI", "vote"=>{"value"=>"SI", "citizen_id"=>"1"}, "proposal_id"=>"1"}
  [4;35;1mProposal Load (0.3ms)[0m   [0mSELECT * FROM "proposals" WHERE ("proposals"."id" = 1) [0m
  [4;36;1mVote Create (0.2ms)[0m   [0;1mINSERT INTO "votes" ("created_at", "updated_at", "value", "proposal_id", "citizen_id") VALUES('2009-11-24 22:17:59', '2009-11-24 22:17:59', 'SI', 1, 1)[0m
  [4;35;1mProposal Load (0.2ms)[0m   [0mSELECT * FROM "proposals" WHERE ("proposals"."id" = 1) [0m
Redirected to http://www.example.com/proposals/1
Completed in 12ms (DB: 0) | 302 Found [http://www.example.com/proposals/1/votes]
REQUESTING PAGE: GET http://www.example.com/proposals/1 with {} and HTTP headers {"HTTP_REFERER"=>"/proposals/1/votes"}


Processing ProposalsController#show (for 127.0.0.1 at 2009-11-24 23:17:59) [GET]
  Parameters: {"id"=>"1"}
  [4;36;1mProposal Load (0.3ms)[0m   [0;1mSELECT * FROM "proposals" WHERE ("proposals"."id" = 1) [0m
Rendering proposals/show
Completed in 11ms (View: 9, DB: 0) | 200 OK [http://www.example.com/proposals/1]
  [4;36;1mProposal Load (0.5ms)[0m   [0;1mSELECT * FROM "proposals" [0m
  [4;35;1mCitizen Load (0.1ms)[0m   [0mSELECT * FROM "citizens" [0m
  [4;36;1mVote Load (0.1ms)[0m   [0;1mSELECT * FROM "votes" [0m
  [4;35;1mProposal Create (0.9ms)[0m   [0mINSERT INTO "proposals" ("name", "created_at", "updated_at", "description", "limit_date") VALUES('pagar el rescate a los piratas', '2009-11-24 22:18:12', '2009-11-24 22:18:12', NULL, NULL)[0m
  [4;36;1mCitizen Create (0.2ms)[0m   [0;1mINSERT INTO "citizens" ("name", "created_at", "updated_at") VALUES('Ana', '2009-11-24 22:18:12', '2009-11-24 22:18:12')[0m
REQUESTING PAGE: GET /sessions/create?name=Ana with {} and HTTP headers {}


Processing SessionsController#create (for 127.0.0.1 at 2009-11-24 23:18:12) [GET]
  Parameters: {"name"=>"Ana"}
  [4;35;1mCitizen Load (0.3ms)[0m   [0mSELECT * FROM "citizens" WHERE ("citizens"."name" = 'Ana') LIMIT 1[0m
Rendering sessions/create
Completed in 23ms (View: 5, DB: 2) | 200 OK [http://www.example.com/sessions/create?name=Ana]
REQUESTING PAGE: GET /proposals/1 with {} and HTTP headers {"HTTP_REFERER"=>"/sessions/create?name=Ana"}


Processing ProposalsController#show (for 127.0.0.1 at 2009-11-24 23:18:12) [GET]
  Parameters: {"id"=>"1"}
  [4;36;1mProposal Load (0.2ms)[0m   [0;1mSELECT * FROM "proposals" WHERE ("proposals"."id" = 1) [0m
Rendering proposals/show
Completed in 9ms (View: 4, DB: 0) | 200 OK [http://www.example.com/proposals/1]
REQUESTING PAGE: POST /proposals/1/votes with {"commit"=>"SI", "vote"=>{"value"=>"SI", "citizen_id"=>"1"}} and HTTP headers {"HTTP_REFERER"=>"/proposals/1"}


Processing VotesController#create (for 127.0.0.1 at 2009-11-24 23:18:13) [POST]
  Parameters: {"commit"=>"SI", "vote"=>{"value"=>"SI", "citizen_id"=>"1"}, "proposal_id"=>"1"}
  [4;35;1mProposal Load (0.4ms)[0m   [0mSELECT * FROM "proposals" WHERE ("proposals"."id" = 1) [0m
  [4;36;1mVote Create (0.2ms)[0m   [0;1mINSERT INTO "votes" ("created_at", "updated_at", "value", "proposal_id", "citizen_id") VALUES('2009-11-24 22:18:13', '2009-11-24 22:18:13', 'SI', 1, 1)[0m
  [4;35;1mProposal Load (0.3ms)[0m   [0mSELECT * FROM "proposals" WHERE ("proposals"."id" = 1) [0m
Redirected to http://www.example.com/proposals/1
Completed in 10ms (DB: 0) | 302 Found [http://www.example.com/proposals/1/votes]
REQUESTING PAGE: GET http://www.example.com/proposals/1 with {} and HTTP headers {"HTTP_REFERER"=>"/proposals/1/votes"}


Processing ProposalsController#show (for 127.0.0.1 at 2009-11-24 23:18:13) [GET]
  Parameters: {"id"=>"1"}
  [4;36;1mProposal Load (0.4ms)[0m   [0;1mSELECT * FROM "proposals" WHERE ("proposals"."id" = 1) [0m
Rendering proposals/show
Completed in 4ms (View: 2, DB: 0) | 200 OK [http://www.example.com/proposals/1]
  [4;35;1mVote Load (0.3ms)[0m   [0mSELECT * FROM "votes" WHERE (value='SI') [0m
  [4;36;1mProposal Load (0.2ms)[0m   [0;1mSELECT * FROM "proposals" WHERE ("proposals"."name" = 'pagar el rescate a los piratas') LIMIT 1[0m
  [4;35;1mProposal Load (0.2ms)[0m   [0mSELECT * FROM "proposals" WHERE ("proposals"."id" = 1) [0m
  [4;36;1mCitizen Load (0.2ms)[0m   [0;1mSELECT * FROM "citizens" WHERE ("citizens"."name" = 'Ana') LIMIT 1[0m
  [4;35;1mCitizen Load (0.2ms)[0m   [0mSELECT * FROM "citizens" WHERE ("citizens"."id" = 1) [0m
  [4;36;1mProposal Load (0.6ms)[0m   [0;1mSELECT * FROM "proposals" [0m
  [4;35;1mCitizen Load (0.1ms)[0m   [0mSELECT * FROM "citizens" [0m
  [4;36;1mVote Load (0.1ms)[0m   [0;1mSELECT * FROM "votes" [0m
  [4;35;1mProposal Create (0.8ms)[0m   [0mINSERT INTO "proposals" ("name", "created_at", "updated_at", "description", "limit_date") VALUES('pagar el rescate a los piratas', '2009-11-24 22:19:13', '2009-11-24 22:19:13', NULL, NULL)[0m
  [4;36;1mCitizen Create (0.2ms)[0m   [0;1mINSERT INTO "citizens" ("name", "created_at", "updated_at") VALUES('Ana', '2009-11-24 22:19:13', '2009-11-24 22:19:13')[0m
REQUESTING PAGE: GET /sessions/create?name=Ana with {} and HTTP headers {}


Processing SessionsController#create (for 127.0.0.1 at 2009-11-24 23:19:13) [GET]
  Parameters: {"name"=>"Ana"}
  [4;35;1mCitizen Load (0.4ms)[0m   [0mSELECT * FROM "citizens" WHERE ("citizens"."name" = 'Ana') LIMIT 1[0m
Rendering sessions/create
Completed in 27ms (View: 3, DB: 2) | 200 OK [http://www.example.com/sessions/create?name=Ana]
REQUESTING PAGE: GET /proposals/1 with {} and HTTP headers {"HTTP_REFERER"=>"/sessions/create?name=Ana"}


Processing ProposalsController#show (for 127.0.0.1 at 2009-11-24 23:19:13) [GET]
  Parameters: {"id"=>"1"}
  [4;36;1mProposal Load (0.3ms)[0m   [0;1mSELECT * FROM "proposals" WHERE ("proposals"."id" = 1) [0m
Rendering proposals/show
Completed in 10ms (View: 5, DB: 0) | 200 OK [http://www.example.com/proposals/1]
REQUESTING PAGE: POST /proposals/1/votes with {"commit"=>"SI", "vote"=>{"value"=>"SI", "citizen_id"=>"1"}} and HTTP headers {"HTTP_REFERER"=>"/proposals/1"}


Processing VotesController#create (for 127.0.0.1 at 2009-11-24 23:19:13) [POST]
  Parameters: {"commit"=>"SI", "vote"=>{"value"=>"SI", "citizen_id"=>"1"}, "proposal_id"=>"1"}
  [4;35;1mProposal Load (0.4ms)[0m   [0mSELECT * FROM "proposals" WHERE ("proposals"."id" = 1) [0m
  [4;36;1mVote Create (0.3ms)[0m   [0;1mINSERT INTO "votes" ("created_at", "updated_at", "value", "proposal_id", "citizen_id") VALUES('2009-11-24 22:19:13', '2009-11-24 22:19:13', 'SI', 1, 1)[0m
  [4;35;1mProposal Load (0.3ms)[0m   [0mSELECT * FROM "proposals" WHERE ("proposals"."id" = 1) [0m
Redirected to http://www.example.com/proposals/1
Completed in 15ms (DB: 0) | 302 Found [http://www.example.com/proposals/1/votes]
REQUESTING PAGE: GET http://www.example.com/proposals/1 with {} and HTTP headers {"HTTP_REFERER"=>"/proposals/1/votes"}


Processing ProposalsController#show (for 127.0.0.1 at 2009-11-24 23:19:13) [GET]
  Parameters: {"id"=>"1"}
  [4;36;1mProposal Load (0.6ms)[0m   [0;1mSELECT * FROM "proposals" WHERE ("proposals"."id" = 1) [0m
Rendering proposals/show
Completed in 7ms (View: 5, DB: 1) | 200 OK [http://www.example.com/proposals/1]
  [4;36;1mProposal Load (0.7ms)[0m   [0;1mSELECT * FROM "proposals" [0m
  [4;35;1mCitizen Load (0.1ms)[0m   [0mSELECT * FROM "citizens" [0m
  [4;36;1mVote Load (0.1ms)[0m   [0;1mSELECT * FROM "votes" [0m
  [4;35;1mProposal Create (0.7ms)[0m   [0mINSERT INTO "proposals" ("name", "created_at", "updated_at", "description", "limit_date") VALUES('pagar el rescate a los piratas', '2009-11-24 22:21:12', '2009-11-24 22:21:12', NULL, NULL)[0m
  [4;36;1mCitizen Create (0.2ms)[0m   [0;1mINSERT INTO "citizens" ("name", "created_at", "updated_at") VALUES('Ana', '2009-11-24 22:21:12', '2009-11-24 22:21:12')[0m
REQUESTING PAGE: GET /sessions/create?name=Ana with {} and HTTP headers {}


Processing SessionsController#create (for 127.0.0.1 at 2009-11-24 23:21:12) [GET]
  Parameters: {"name"=>"Ana"}
  [4;35;1mCitizen Load (0.4ms)[0m   [0mSELECT * FROM "citizens" WHERE ("citizens"."name" = 'Ana') LIMIT 1[0m
Rendering sessions/create
Completed in 33ms (View: 2, DB: 2) | 200 OK [http://www.example.com/sessions/create?name=Ana]
REQUESTING PAGE: GET /proposals/1 with {} and HTTP headers {"HTTP_REFERER"=>"/sessions/create?name=Ana"}


Processing ProposalsController#show (for 127.0.0.1 at 2009-11-24 23:21:12) [GET]
  Parameters: {"id"=>"1"}
  [4;36;1mProposal Load (0.3ms)[0m   [0;1mSELECT * FROM "proposals" WHERE ("proposals"."id" = 1) [0m
Rendering proposals/show
Completed in 10ms (View: 5, DB: 0) | 200 OK [http://www.example.com/proposals/1]
REQUESTING PAGE: POST /proposals/1/votes with {"commit"=>"SI", "vote"=>{"value"=>"SI", "citizen_id"=>"1"}} and HTTP headers {"HTTP_REFERER"=>"/proposals/1"}


Processing VotesController#create (for 127.0.0.1 at 2009-11-24 23:21:12) [POST]
  Parameters: {"commit"=>"SI", "vote"=>{"value"=>"SI", "citizen_id"=>"1"}, "proposal_id"=>"1"}
  [4;35;1mProposal Load (0.3ms)[0m   [0mSELECT * FROM "proposals" WHERE ("proposals"."id" = 1) [0m
  [4;36;1mVote Create (0.2ms)[0m   [0;1mINSERT INTO "votes" ("created_at", "updated_at", "value", "proposal_id", "citizen_id") VALUES('2009-11-24 22:21:12', '2009-11-24 22:21:12', 'SI', 1, 1)[0m
  [4;35;1mProposal Load (0.9ms)[0m   [0mSELECT * FROM "proposals" WHERE ("proposals"."id" = 1) [0m
Redirected to http://www.example.com/proposals/1
Completed in 13ms (DB: 0) | 302 Found [http://www.example.com/proposals/1/votes]
REQUESTING PAGE: GET http://www.example.com/proposals/1 with {} and HTTP headers {"HTTP_REFERER"=>"/proposals/1/votes"}


Processing ProposalsController#show (for 127.0.0.1 at 2009-11-24 23:21:12) [GET]
  Parameters: {"id"=>"1"}
  [4;36;1mProposal Load (0.3ms)[0m   [0;1mSELECT * FROM "proposals" WHERE ("proposals"."id" = 1) [0m
Rendering proposals/show
Completed in 5ms (View: 3, DB: 0) | 200 OK [http://www.example.com/proposals/1]
  [4;35;1mVote Load (0.3ms)[0m   [0mSELECT * FROM "votes" WHERE (value='SI') [0m
  [4;36;1mProposal Load (0.3ms)[0m   [0;1mSELECT * FROM "proposals" WHERE ("proposals"."name" = 'pagar el rescate a los piratas') LIMIT 1[0m
  [4;35;1mProposal Load (0.3ms)[0m   [0mSELECT * FROM "proposals" WHERE ("proposals"."id" = 1) [0m
  [4;36;1mCitizen Load (0.3ms)[0m   [0;1mSELECT * FROM "citizens" WHERE ("citizens"."name" = 'Ana') LIMIT 1[0m
  [4;35;1mCitizen Load (0.2ms)[0m   [0mSELECT * FROM "citizens" WHERE ("citizens"."id" = 1) [0m
